<?xml version="1.0" encoding="UTF-8"?>
<testng-results ignored="0" total="6" passed="3" failed="0" skipped="3">
  <reporter-output>
  </reporter-output>
  <suite started-at="2021-09-19T23:44:12 IST" name="Suite" finished-at="2021-09-19T23:44:41 IST" duration-ms="28561">
    <groups>
    </groups>
    <test started-at="2021-09-19T23:44:12 IST" name="Test" finished-at="2021-09-19T23:44:41 IST" duration-ms="28561">
      <class name="org.personal.tests.AmazonPageTest">
        <test-method is-config="true" signature="setUp([Ljava.lang.Object;)[pri:0, instance:org.personal.tests.AmazonPageTest@7205765b]" started-at="2021-09-19T23:44:13 IST" name="setUp" finished-at="2021-09-19T23:44:31 IST" duration-ms="17911" status="PASS">
          <params>
            <param index="0">
              <value>
                <![CDATA[[Ljava.lang.Object;@64138b0c]]>
              </value>
            </param>
          </params>
          <reporter-output>
          </reporter-output>
        </test-method> <!-- setUp -->
        <test-method is-config="true" signature="setUp([Ljava.lang.Object;)[pri:0, instance:org.personal.tests.AmazonPageTest@7205765b]" started-at="2021-09-19T23:44:13 IST" name="setUp" finished-at="2021-09-19T23:44:32 IST" duration-ms="18501" status="PASS">
          <params>
            <param index="0">
              <value>
                <![CDATA[[Ljava.lang.Object;@736f3e9e]]>
              </value>
            </param>
          </params>
          <reporter-output>
          </reporter-output>
        </test-method> <!-- setUp -->
        <test-method is-config="true" signature="setUp([Ljava.lang.Object;)[pri:0, instance:org.personal.tests.AmazonPageTest@7205765b]" started-at="2021-09-19T23:44:13 IST" name="setUp" finished-at="2021-09-19T23:44:34 IST" duration-ms="20410" status="PASS">
          <params>
            <param index="0">
              <value>
                <![CDATA[[Ljava.lang.Object;@bdc8014]]>
              </value>
            </param>
          </params>
          <reporter-output>
          </reporter-output>
        </test-method> <!-- setUp -->
        <test-method is-config="true" signature="setUp([Ljava.lang.Object;)[pri:0, instance:org.personal.tests.AmazonPageTest@7205765b]" started-at="2021-09-19T23:44:13 IST" name="setUp" finished-at="2021-09-19T23:44:32 IST" duration-ms="19163" status="PASS">
          <params>
            <param index="0">
              <value>
                <![CDATA[[Ljava.lang.Object;@1f443fae]]>
              </value>
            </param>
          </params>
          <reporter-output>
          </reporter-output>
        </test-method> <!-- setUp -->
        <test-method is-config="true" signature="setUp([Ljava.lang.Object;)[pri:0, instance:org.personal.tests.AmazonPageTest@7205765b]" started-at="2021-09-19T23:44:13 IST" name="setUp" finished-at="2021-09-19T23:44:34 IST" duration-ms="20398" status="PASS">
          <params>
            <param index="0">
              <value>
                <![CDATA[[Ljava.lang.Object;@73ba6fe6]]>
              </value>
            </param>
          </params>
          <reporter-output>
          </reporter-output>
        </test-method> <!-- setUp -->
        <test-method is-config="true" signature="setUp([Ljava.lang.Object;)[pri:0, instance:org.personal.tests.AmazonPageTest@7205765b]" started-at="2021-09-19T23:44:13 IST" name="setUp" finished-at="2021-09-19T23:44:30 IST" duration-ms="17013" status="PASS">
          <params>
            <param index="0">
              <value>
                <![CDATA[[Ljava.lang.Object;@79ab34c1]]>
              </value>
            </param>
          </params>
          <reporter-output>
          </reporter-output>
        </test-method> <!-- setUp -->
        <test-method signature="amazonPageTest(java.util.Map)[pri:0, instance:org.personal.tests.AmazonPageTest@7205765b]" started-at="2021-09-19T23:44:30 IST" name="amazonPageTest" description="Amazon-Page-Test" data-provider="getData" finished-at="2021-09-19T23:44:40 IST" duration-ms="9861" status="PASS">
          <params>
            <param index="0">
              <value>
                <![CDATA[{testname=amazonPageTest, execute=yes, browser=chrome}]]>
              </value>
            </param>
          </params>
          <reporter-output>
          </reporter-output>
        </test-method> <!-- amazonPageTest -->
        <test-method signature="newTest(java.util.Map)[pri:0, instance:org.personal.tests.AmazonPageTest@7205765b]" started-at="2021-09-19T23:44:31 IST" name="newTest" description="New-test" data-provider="getData" finished-at="2021-09-19T23:44:31 IST" duration-ms="3" status="SKIP">
          <params>
            <param index="0">
              <value>
                <![CDATA[{testname=newTest, execute=yes, browser=chrome}]]>
              </value>
            </param>
          </params>
          <exception class="org.testng.SkipException">
            <message>
              <![CDATA[Test Skipped]]>
            </message>
            <full-stacktrace>
              <![CDATA[org.testng.SkipException: Test Skipped
at org.personal.tests.AmazonPageTest.newTest(AmazonPageTest.java:45)
at java.base/jdk.internal.reflect.NativeMethodAccessorImpl.invoke0(Native Method)
at java.base/jdk.internal.reflect.NativeMethodAccessorImpl.invoke(NativeMethodAccessorImpl.java:78)
at java.base/jdk.internal.reflect.DelegatingMethodAccessorImpl.invoke(DelegatingMethodAccessorImpl.java:43)
at java.base/java.lang.reflect.Method.invoke(Method.java:567)
at org.testng.internal.MethodInvocationHelper.invokeMethod(MethodInvocationHelper.java:133)
at org.testng.internal.TestInvoker.invokeMethod(TestInvoker.java:598)
at org.testng.internal.TestInvoker.invokeTestMethod(TestInvoker.java:173)
at org.testng.internal.TestMethodWithDataProviderMethodWorker.call(TestMethodWithDataProviderMethodWorker.java:77)
at org.testng.internal.TestMethodWithDataProviderMethodWorker.call(TestMethodWithDataProviderMethodWorker.java:15)
at java.base/java.util.concurrent.FutureTask.run(FutureTask.java:264)
at java.base/java.util.concurrent.Executors$RunnableAdapter.call(Executors.java:515)
at java.base/java.util.concurrent.FutureTask.run(FutureTask.java:264)
at java.base/java.util.concurrent.ThreadPoolExecutor.runWorker(ThreadPoolExecutor.java:1130)
at java.base/java.util.concurrent.ThreadPoolExecutor$Worker.run(ThreadPoolExecutor.java:630)
at java.base/java.lang.Thread.run(Thread.java:831)
]]>
            </full-stacktrace>
          </exception> <!-- org.testng.SkipException -->
          <reporter-output>
          </reporter-output>
        </test-method> <!-- newTest -->
        <test-method is-config="true" signature="tearDown()[pri:0, instance:org.personal.tests.AmazonPageTest@7205765b]" started-at="2021-09-19T23:44:31 IST" name="tearDown" finished-at="2021-09-19T23:44:41 IST" duration-ms="9659" status="PASS">
          <reporter-output>
          </reporter-output>
        </test-method> <!-- tearDown -->
        <test-method signature="amazonPageTest(java.util.Map)[pri:0, instance:org.personal.tests.AmazonPageTest@7205765b]" started-at="2021-09-19T23:44:32 IST" name="amazonPageTest" description="Amazon-Page-Test" data-provider="getData" finished-at="2021-09-19T23:44:40 IST" duration-ms="8442" status="PASS">
          <params>
            <param index="0">
              <value>
                <![CDATA[{testname=amazonPageTest, execute=yes, browser=chrome}]]>
              </value>
            </param>
          </params>
          <reporter-output>
          </reporter-output>
        </test-method> <!-- amazonPageTest -->
        <test-method signature="amazonPageTest(java.util.Map)[pri:0, instance:org.personal.tests.AmazonPageTest@7205765b]" started-at="2021-09-19T23:44:32 IST" name="amazonPageTest" description="Amazon-Page-Test" data-provider="getData" finished-at="2021-09-19T23:44:40 IST" duration-ms="7523" status="PASS">
          <params>
            <param index="0">
              <value>
                <![CDATA[{testname=amazonPageTest, execute=yes, browser=chrome}]]>
              </value>
            </param>
          </params>
          <reporter-output>
          </reporter-output>
        </test-method> <!-- amazonPageTest -->
        <test-method signature="newTest(java.util.Map)[pri:0, instance:org.personal.tests.AmazonPageTest@7205765b]" started-at="2021-09-19T23:44:34 IST" name="newTest" description="New-test" data-provider="getData" finished-at="2021-09-19T23:44:34 IST" duration-ms="3" status="SKIP">
          <params>
            <param index="0">
              <value>
                <![CDATA[{testname=newTest, execute=yes, browser=chrome}]]>
              </value>
            </param>
          </params>
          <exception class="org.testng.SkipException">
            <message>
              <![CDATA[Test Skipped]]>
            </message>
            <full-stacktrace>
              <![CDATA[org.testng.SkipException: Test Skipped
at org.personal.tests.AmazonPageTest.newTest(AmazonPageTest.java:45)
at java.base/jdk.internal.reflect.NativeMethodAccessorImpl.invoke0(Native Method)
at java.base/jdk.internal.reflect.NativeMethodAccessorImpl.invoke(NativeMethodAccessorImpl.java:78)
at java.base/jdk.internal.reflect.DelegatingMethodAccessorImpl.invoke(DelegatingMethodAccessorImpl.java:43)
at java.base/java.lang.reflect.Method.invoke(Method.java:567)
at org.testng.internal.MethodInvocationHelper.invokeMethod(MethodInvocationHelper.java:133)
at org.testng.internal.TestInvoker.invokeMethod(TestInvoker.java:598)
at org.testng.internal.TestInvoker.invokeTestMethod(TestInvoker.java:173)
at org.testng.internal.TestMethodWithDataProviderMethodWorker.call(TestMethodWithDataProviderMethodWorker.java:77)
at org.testng.internal.TestMethodWithDataProviderMethodWorker.call(TestMethodWithDataProviderMethodWorker.java:15)
at java.base/java.util.concurrent.FutureTask.run(FutureTask.java:264)
at java.base/java.util.concurrent.Executors$RunnableAdapter.call(Executors.java:515)
at java.base/java.util.concurrent.FutureTask.run(FutureTask.java:264)
at java.base/java.util.concurrent.ThreadPoolExecutor.runWorker(ThreadPoolExecutor.java:1130)
at java.base/java.util.concurrent.ThreadPoolExecutor$Worker.run(ThreadPoolExecutor.java:630)
at java.base/java.lang.Thread.run(Thread.java:831)
]]>
            </full-stacktrace>
          </exception> <!-- org.testng.SkipException -->
          <reporter-output>
          </reporter-output>
        </test-method> <!-- newTest -->
        <test-method is-config="true" signature="tearDown()[pri:0, instance:org.personal.tests.AmazonPageTest@7205765b]" started-at="2021-09-19T23:44:34 IST" name="tearDown" finished-at="2021-09-19T23:44:41 IST" duration-ms="7086" status="PASS">
          <reporter-output>
          </reporter-output>
        </test-method> <!-- tearDown -->
        <test-method signature="newTest(java.util.Map)[pri:0, instance:org.personal.tests.AmazonPageTest@7205765b]" started-at="2021-09-19T23:44:34 IST" name="newTest" description="New-test" data-provider="getData" finished-at="2021-09-19T23:44:34 IST" duration-ms="2" status="SKIP">
          <params>
            <param index="0">
              <value>
                <![CDATA[{testname=newTest, execute=yes, browser=chrome}]]>
              </value>
            </param>
          </params>
          <exception class="org.testng.SkipException">
            <message>
              <![CDATA[Test Skipped]]>
            </message>
            <full-stacktrace>
              <![CDATA[org.testng.SkipException: Test Skipped
at org.personal.tests.AmazonPageTest.newTest(AmazonPageTest.java:45)
at java.base/jdk.internal.reflect.NativeMethodAccessorImpl.invoke0(Native Method)
at java.base/jdk.internal.reflect.NativeMethodAccessorImpl.invoke(NativeMethodAccessorImpl.java:78)
at java.base/jdk.internal.reflect.DelegatingMethodAccessorImpl.invoke(DelegatingMethodAccessorImpl.java:43)
at java.base/java.lang.reflect.Method.invoke(Method.java:567)
at org.testng.internal.MethodInvocationHelper.invokeMethod(MethodInvocationHelper.java:133)
at org.testng.internal.TestInvoker.invokeMethod(TestInvoker.java:598)
at org.testng.internal.TestInvoker.invokeTestMethod(TestInvoker.java:173)
at org.testng.internal.TestMethodWithDataProviderMethodWorker.call(TestMethodWithDataProviderMethodWorker.java:77)
at org.testng.internal.TestMethodWithDataProviderMethodWorker.call(TestMethodWithDataProviderMethodWorker.java:15)
at java.base/java.util.concurrent.FutureTask.run(FutureTask.java:264)
at java.base/java.util.concurrent.Executors$RunnableAdapter.call(Executors.java:515)
at java.base/java.util.concurrent.FutureTask.run(FutureTask.java:264)
at java.base/java.util.concurrent.ThreadPoolExecutor.runWorker(ThreadPoolExecutor.java:1130)
at java.base/java.util.concurrent.ThreadPoolExecutor$Worker.run(ThreadPoolExecutor.java:630)
at java.base/java.lang.Thread.run(Thread.java:831)
]]>
            </full-stacktrace>
          </exception> <!-- org.testng.SkipException -->
          <reporter-output>
          </reporter-output>
        </test-method> <!-- newTest -->
        <test-method is-config="true" signature="tearDown()[pri:0, instance:org.personal.tests.AmazonPageTest@7205765b]" started-at="2021-09-19T23:44:34 IST" name="tearDown" finished-at="2021-09-19T23:44:41 IST" duration-ms="7095" status="PASS">
          <reporter-output>
          </reporter-output>
        </test-method> <!-- tearDown -->
        <test-method is-config="true" signature="tearDown()[pri:0, instance:org.personal.tests.AmazonPageTest@7205765b]" started-at="2021-09-19T23:44:40 IST" name="tearDown" finished-at="2021-09-19T23:44:41 IST" duration-ms="1022" status="PASS">
          <reporter-output>
          </reporter-output>
        </test-method> <!-- tearDown -->
        <test-method is-config="true" signature="tearDown()[pri:0, instance:org.personal.tests.AmazonPageTest@7205765b]" started-at="2021-09-19T23:44:40 IST" name="tearDown" finished-at="2021-09-19T23:44:41 IST" duration-ms="457" status="PASS">
          <reporter-output>
          </reporter-output>
        </test-method> <!-- tearDown -->
        <test-method is-config="true" signature="tearDown()[pri:0, instance:org.personal.tests.AmazonPageTest@7205765b]" started-at="2021-09-19T23:44:40 IST" name="tearDown" finished-at="2021-09-19T23:44:41 IST" duration-ms="428" status="PASS">
          <reporter-output>
          </reporter-output>
        </test-method> <!-- tearDown -->
      </class> <!-- org.personal.tests.AmazonPageTest -->
    </test> <!-- Test -->
  </suite> <!-- Suite -->
</testng-results>
